Removed Pin From Net: NetName=GND Pin=C4-1
Removed Pin From Net: NetName=VIN Pin=C4-2
Removed Pin From Net: NetName=EN Pin=C11-1
Removed Pin From Net: NetName=GND Pin=C11-2
Removed Pin From Net: NetName=GND Pin=C15-2
Removed Pin From Net: NetName=GND Pin=C16-2
Removed Pin From Net: NetName=GND Pin=D3-2
Removed Pin From Net: NetName=VIN Pin=D3-4
Removed Pin From Net: NetName=3v3 Pin=D3-5
Removed Pin From Net: NetName=VIN Pin=D4-6
Removed Pin From Net: NetName=GND Pin=D4-7
Removed Pin From Net: NetName=EN Pin=R4-1
Removed Pin From Net: NetName=3v3 Pin=R4-2
Removed Pin From Net: NetName=3v3 Pin=R5-2
Removed Pin From Net: NetName=GND Pin=R7-1
Removed Pin From Net: NetName=NetD4_9 Pin=R9-1
Removed Pin From Net: NetName=GND Pin=R9-2
Removed Pin From Net: NetName=NetD4_4 Pin=R10-1
Removed Pin From Net: NetName=GND Pin=R10-2
Removed Pin From Net: NetName=3v3 Pin=U1-1
Removed Pin From Net: NetName=3v3 Pin=U1-5
Removed Pin From Net: NetName=EN Pin=U1-16
Removed Pin From Net: NetName=3v3 Pin=U1-17
Removed Pin From Net: NetName=TX Pin=U1-19
Removed Pin From Net: NetName=RX Pin=U1-20
Removed Pin From Net: NetName=SWD Pin=U1-23
Removed Pin From Net: NetName=SWC Pin=U1-24
Removed Pin From Net: NetName=GND Pin=U1-33
Removed Pin From Net: NetName=GND Pin=U1-33
Removed Pin From Net: NetName=GND Pin=U1-33
Removed Member From Class: ClassName=di2_motor Member=C15
Removed Member From Class: ClassName=di2_motor Member=C16
Removed Member From Class: ClassName=di2_motor Member=R4
Removed Member From Class: ClassName=di2_motor Member=R5
Removed Member From Class: ClassName=di2_motor Member=R6
Removed Member From Class: ClassName=di2_motor Member=R10
Removed Member From Class: ClassName=di2_motor Member=U1
Removed Member From Class: ClassName=di2_motor Member=X6
Change Component Footprint: Designator=C6 Old Footprint=C0603 New Footprint=C0805
Change Component Footprint: Designator=C4 Old Footprint=C1206(3216) New Footprint=Ê53-56(4)
Change Component Footprint: Designator=R7 Old Footprint=R0603 New Footprint=R0402
Change Component Footprint: Designator=R8 Old Footprint=R0603 New Footprint=R0402
Change Component Footprint: Designator=R9 Old Footprint=R2512 New Footprint=R0402
Change Component Footprint: Designator=D3 Old Footprint=SOT23-5 New Footprint=SOT23
Change Component Comment : Designator=C9 Old Comment=0.1uF New Comment=10u
Change Component Comment : Designator=C6 Old Comment=0.1uF New Comment=22u
Change Component Comment : Designator=R9 Old Comment=0R33 New Comment=4,7k
Change Component Comment : Designator=R7 Old Comment=10k New Comment=4,7k
Change Component Comment : Designator=R8 Old Comment=10k New Comment=4,7k
Change Component Comment : Designator=C4 Old Comment=47uF New Comment=Ê53-56
Change Component Comment : Designator=D4 Old Comment=STSPIN220 New Comment=STSPIN233
Change Component Comment : Designator=D3 Old Comment=TPS715 New Comment=MCP1702
Change Component Designator: OldDesignator=C12 NewDesignator=C11
Change Component Designator: OldDesignator=C14 NewDesignator=C12
Change component parameters: Designator = "R7"; Footprint = "R0402"; UniqueID = "\AXWOQMDM"
Change component parameters. Clean all parameters for all variants
Change component parameters (AddParameter): Name = ""; Value = ""; VariantName = "[No Variations]"
Change component parameters: Designator = "R8"; Footprint = "R0402"; UniqueID = "\PUAIDTQQ"
Change component parameters. Clean all parameters for all variants
Change component parameters (AddParameter): Name = ""; Value = ""; VariantName = "[No Variations]"
Change component parameters: Designator = "R9"; Footprint = "R0402"; UniqueID = "\EXFMTYNU"
Change component parameters. Clean all parameters for all variants
Change component parameters (AddParameter): Name = ""; Value = ""; VariantName = "[No Variations]"
Change component parameters: Designator = "X3"; Footprint = "1.0x1.5"; UniqueID = "\LQXHOBRE"
Change component parameters. Clean all parameters for all variants
Change component parameters (AddParameter): Name = ""; Value = ""; VariantName = "[No Variations]"
Change component parameters: Designator = "VD1"; Footprint = "SOT23"; UniqueID = "\YLVDPKMC"
Change component parameters. Clean all parameters for all variants
Change component parameters (AddParameter): Name = "Price"; Value = "0.08"; VariantName = "[No Variations]"
Change component parameters: Designator = "L1"; Footprint = "SRR4018"; UniqueID = "\DTSQHVYH"
Change component parameters. Clean all parameters for all variants
Change component parameters (AddParameter): Name = "Value"; Value = ""; VariantName = "[No Variations]"
Change component parameters: Designator = "C1"; Footprint = "C0603"; UniqueID = "\IXCRSXYD"
Change component parameters. Clean all parameters for all variants
Change component parameters (AddParameter): Name = ""; Value = ""; VariantName = "[No Variations]"
Change component parameters (AddParameter): Name = "Value"; Value = ""; VariantName = "[No Variations]"
Change component parameters: Designator = "C2"; Footprint = "C0603"; UniqueID = "\SOFXBEGQ"
Change component parameters. Clean all parameters for all variants
Change component parameters (AddParameter): Name = ""; Value = ""; VariantName = "[No Variations]"
Change component parameters (AddParameter): Name = "Value"; Value = ""; VariantName = "[No Variations]"
Change component parameters: Designator = "C3"; Footprint = "C0603"; UniqueID = "\NXIUHFTD"
Change component parameters. Clean all parameters for all variants
Change component parameters (AddParameter): Name = ""; Value = ""; VariantName = "[No Variations]"
Change component parameters (AddParameter): Name = "Value"; Value = ""; VariantName = "[No Variations]"
Change component parameters: Designator = "C4"; Footprint = "Ê53-56(4)"; UniqueID = "\WLGEFGMR"
Change component parameters. Clean all parameters for all variants
Change component parameters (AddParameter): Name = ""; Value = ""; VariantName = "[No Variations]"
Change component parameters (AddParameter): Name = "Value"; Value = "100uFx12.5V"; VariantName = "[No Variations]"
Change component parameters: Designator = "C5"; Footprint = "C0603"; UniqueID = "\BDAEBHEL"
Change component parameters. Clean all parameters for all variants
Change component parameters (AddParameter): Name = ""; Value = ""; VariantName = "[No Variations]"
Change component parameters (AddParameter): Name = "Value"; Value = ""; VariantName = "[No Variations]"
Change component parameters: Designator = "C6"; Footprint = "C0805"; UniqueID = "\MDVLMMRG"
Change component parameters. Clean all parameters for all variants
Change component parameters (AddParameter): Name = ""; Value = ""; VariantName = "[No Variations]"
Change component parameters (AddParameter): Name = "Value"; Value = ""; VariantName = "[No Variations]"
Change component parameters: Designator = "C7"; Footprint = "C0603"; UniqueID = "\WDCRMQBG"
Change component parameters. Clean all parameters for all variants
Change component parameters (AddParameter): Name = ""; Value = ""; VariantName = "[No Variations]"
Change component parameters (AddParameter): Name = "Value"; Value = ""; VariantName = "[No Variations]"
Change component parameters: Designator = "C8"; Footprint = "C0603"; UniqueID = "\GCRSRGLI"
Change component parameters. Clean all parameters for all variants
Change component parameters (AddParameter): Name = ""; Value = ""; VariantName = "[No Variations]"
Change component parameters (AddParameter): Name = "Value"; Value = ""; VariantName = "[No Variations]"
Change component parameters: Designator = "C9"; Footprint = "C0603"; UniqueID = "\HLBYSFGL"
Change component parameters. Clean all parameters for all variants
Change component parameters (AddParameter): Name = ""; Value = ""; VariantName = "[No Variations]"
Change component parameters (AddParameter): Name = "Value"; Value = ""; VariantName = "[No Variations]"
Change component parameters: Designator = "C10"; Footprint = "C0603"; UniqueID = "\QWALKJSX"
Change component parameters. Clean all parameters for all variants
Change component parameters (AddParameter): Name = ""; Value = ""; VariantName = "[No Variations]"
Change component parameters (AddParameter): Name = "Value"; Value = ""; VariantName = "[No Variations]"
Change component parameters: Designator = "C11"; Footprint = "C0603"; UniqueID = "\CNBUPFAI"
Change component parameters. Clean all parameters for all variants
Change component parameters (AddParameter): Name = ""; Value = ""; VariantName = "[No Variations]"
Change component parameters (AddParameter): Name = "Value"; Value = ""; VariantName = "[No Variations]"
Change component parameters: Designator = "C13"; Footprint = "C0603"; UniqueID = "\LGPMHSOF"
Change component parameters. Clean all parameters for all variants
Change component parameters (AddParameter): Name = ""; Value = ""; VariantName = "[No Variations]"
Change component parameters (AddParameter): Name = "Value"; Value = ""; VariantName = "[No Variations]"
Change component parameters: Designator = "C12"; Footprint = "C0603"; UniqueID = "\UBNNEEBJ"
Change component parameters. Clean all parameters for all variants
Change component parameters (AddParameter): Name = ""; Value = ""; VariantName = "[No Variations]"
Change component parameters (AddParameter): Name = "Value"; Value = ""; VariantName = "[No Variations]"
Change component parameters: Designator = "R1"; Footprint = "R0603"; UniqueID = "\UPHUABGO"
Change component parameters. Clean all parameters for all variants
Change component parameters (AddParameter): Name = ""; Value = ""; VariantName = "[No Variations]"
Change component parameters (AddParameter): Name = "Value"; Value = "82K"; VariantName = "[No Variations]"
Change component parameters: Designator = "R2"; Footprint = "R0603"; UniqueID = "\JQCTPRKV"
Change component parameters. Clean all parameters for all variants
Change component parameters (AddParameter): Name = ""; Value = ""; VariantName = "[No Variations]"
Change component parameters (AddParameter): Name = "Value"; Value = "82K"; VariantName = "[No Variations]"
Change component parameters: Designator = "R3"; Footprint = "R0603"; UniqueID = "\SVEDEFDJ"
Change component parameters. Clean all parameters for all variants
Change component parameters (AddParameter): Name = ""; Value = ""; VariantName = "[No Variations]"
Change component parameters (AddParameter): Name = "Value"; Value = "82K"; VariantName = "[No Variations]"
Change component parameters: Designator = "X1"; Footprint = "PLS-1.5"; UniqueID = "\HGLELIFF"
Change component parameters. Clean all parameters for all variants
Change component parameters (AddParameter): Name = "LatestRevisionDate"; Value = "17-Jul-2002"; VariantName = "[No Variations]"
Change component parameters (AddParameter): Name = "LatestRevisionNote"; Value = "Re-released for DXP Platform."; VariantName = "[No Variations]"
Change component parameters (AddParameter): Name = "Publisher"; Value = "Altium Limited"; VariantName = "[No Variations]"
Added Component: Designator=C14(C0603)
Add component. Clean all parameters for all variants
Add component (AddParameter): Name = ""; Value = ""; VariantName = "[No Variations]"
Add component (AddParameter): Name = "Value"; Value = ""; VariantName = "[No Variations]"
Added Component: Designator=D5(tssop20)
Add component. Clean all parameters for all variants
Added Component: Designator=D6(SOT353)
Add component. Clean all parameters for all variants
Added Component: Designator=X?(PLS-8-2R)
Add component. Clean all parameters for all variants
Added Pin To Net: NetName=VIN Pin=C4-1
Added Pin To Net: NetName=GND Pin=C4-2
Added Pin To Net: NetName=VIN Pin=C13-1
Added Pin To Net: NetName=GND Pin=C14-2
Added Pin To Net: NetName=GND Pin=D3-1
Added Pin To Net: NetName=3v3 Pin=D3-2
Added Pin To Net: NetName=VIN Pin=D3-3
Added Pin To Net: NetName=VIN Pin=D4-5
Added Pin To Net: NetName=GND Pin=D4-6
Added Pin To Net: NetName=EN Pin=D5-1
Added Pin To Net: NetName=3v3 Pin=D5-4
Added Pin To Net: NetName=GND Pin=D5-5
Added Pin To Net: NetName=TX Pin=D5-9
Added Pin To Net: NetName=RX Pin=D5-10
Added Pin To Net: NetName=SWD Pin=D5-18
Added Pin To Net: NetName=SWC Pin=D5-19
Added Pin To Net: NetName=3v3 Pin=D6-1
Added Pin To Net: NetName=GND Pin=D6-2
Added Pin To Net: NetName=GND Pin=X?-5
Added Pin To Net: NetName=3v3_Hall Pin=C14-1
Added Pin To Net: NetName=3v3_Hall Pin=D6-5
Added Pin To Net: NetName=3v3_Hall Pin=R7-2
Added Pin To Net: NetName=3v3_Hall Pin=R8-2
Added Pin To Net: NetName=3v3_Hall Pin=R9-2
Added Pin To Net: NetName=3v3_Hall Pin=X?-4
Added Net: Name=3v3_Hall
Added Pin To Net: NetName=EnU Pin=D4-2
Added Pin To Net: NetName=EnU Pin=D5-7
Added Net: Name=EnU
Added Pin To Net: NetName=EnV Pin=D4-16
Added Pin To Net: NetName=EnV Pin=D5-17
Added Net: Name=EnV
Added Pin To Net: NetName=EnW Pin=D4-12
Added Pin To Net: NetName=EnW Pin=D5-8
Added Net: Name=EnW
Added Pin To Net: NetName=H_A Pin=D5-12
Added Pin To Net: NetName=H_A Pin=R7-1
Added Pin To Net: NetName=H_A Pin=X?-6
Added Net: Name=H_A
Added Pin To Net: NetName=H_B Pin=D5-13
Added Pin To Net: NetName=H_B Pin=R8-1
Added Pin To Net: NetName=H_B Pin=X?-7
Added Net: Name=H_B
Added Pin To Net: NetName=H_C Pin=D5-14
Added Pin To Net: NetName=H_C Pin=R9-1
Added Pin To Net: NetName=H_C Pin=X?-8
Added Net: Name=H_C
Added Pin To Net: NetName=InU Pin=D4-1
Added Pin To Net: NetName=InU Pin=D5-15
Added Net: Name=InU
Added Pin To Net: NetName=InV Pin=D4-15
Added Pin To Net: NetName=InV Pin=D5-16
Added Net: Name=InV
Added Pin To Net: NetName=InW Pin=D4-11
Added Pin To Net: NetName=InW Pin=D5-20
Added Net: Name=InW
Added Pin To Net: NetName=NetD4_8 Pin=D4-8
Added Net: Name=NetD4_8
Added Pin To Net: NetName=NetD5_11 Pin=D5-11
Added Pin To Net: NetName=NetD5_11 Pin=D6-3
Added Net: Name=NetD5_11
Added Pin To Net: NetName=OutU Pin=D4-3
Added Pin To Net: NetName=OutU Pin=X?-1
Added Net: Name=OutU
Added Pin To Net: NetName=OutV Pin=D4-7
Added Pin To Net: NetName=OutV Pin=X?-2
Added Net: Name=OutV
Added Pin To Net: NetName=OutW Pin=D4-10
Added Pin To Net: NetName=OutW Pin=X?-3
Added Net: Name=OutW
Added Pin To Net: NetName=Stb Pin=D4-14
Added Pin To Net: NetName=Stb Pin=D5-2
Added Net: Name=Stb
Added Member To Class: ClassName=di2_motor Member=Component D5 STM32G030F6
Added Member To Class: ClassName=di2_motor Member=Component D6 LDK220
Added Member To Class: ClassName=di2_motor Member=Component X? PLS-8-2R
